  Emitter.cpp
  Force.cpp
  Particle.cpp
  ParticleSystem.cpp
c:\users\chris\onedrive\documents\openframeworks\apps\myapps\cs 134 - assignment 3\src\particlesystem.cpp(22): warning C4018: '<': signed/unsigned mismatch
c:\users\chris\onedrive\documents\openframeworks\apps\myapps\cs 134 - assignment 3\src\particlesystem.cpp(32): warning C4018: '<': signed/unsigned mismatch
c:\users\chris\onedrive\documents\openframeworks\apps\myapps\cs 134 - assignment 3\src\particlesystem.cpp(53): warning C4018: '<': signed/unsigned mismatch
c:\users\chris\onedrive\documents\openframeworks\apps\myapps\cs 134 - assignment 3\src\particlesystem.cpp(54): warning C4018: '<': signed/unsigned mismatch
c:\users\chris\onedrive\documents\openframeworks\apps\myapps\cs 134 - assignment 3\src\particlesystem.cpp(63): warning C4018: '<': signed/unsigned mismatch
c:\users\chris\onedrive\documents\openframeworks\apps\myapps\cs 134 - assignment 3\src\particlesystem.cpp(70): warning C4018: '<': signed/unsigned mismatch
c:\users\chris\onedrive\documents\openframeworks\apps\myapps\cs 134 - assignment 3\src\particlesystem.cpp(85): warning C4018: '<': signed/unsigned mismatch
c:\users\chris\onedrive\documents\openframeworks\apps\myapps\cs 134 - assignment 3\src\particlesystem.cpp(91): warning C4018: '<': signed/unsigned mismatch
c:\users\chris\onedrive\documents\openframeworks\apps\myapps\cs 134 - assignment 3\src\particlesystem.cpp(116): warning C4018: '<': signed/unsigned mismatch
c:\users\chris\onedrive\documents\openframeworks\apps\myapps\cs 134 - assignment 3\src\particlesystem.cpp(117): warning C4018: '<': signed/unsigned mismatch
c:\users\chris\onedrive\documents\openframeworks\apps\myapps\cs 134 - assignment 3\src\particlesystem.cpp(126): warning C4018: '<': signed/unsigned mismatch
c:\users\chris\onedrive\documents\openframeworks\apps\myapps\cs 134 - assignment 3\src\particlesystem.cpp(133): warning C4018: '<': signed/unsigned mismatch
c:\users\chris\onedrive\documents\openframeworks\apps\myapps\cs 134 - assignment 3\src\particlesystem.cpp(138): warning C4018: '<': signed/unsigned mismatch
c:\users\chris\onedrive\documents\openframeworks\apps\myapps\cs 134 - assignment 3\src\emitter.cpp(41): warning C4996: 'ofImage_<unsigned char>::loadImage': Use load instead
  c:\users\chris\onedrive\documents\openframeworks\libs\openframeworks\graphics\ofimage.h(227): note: see declaration of 'ofImage_<unsigned char>::loadImage'
c:\users\chris\onedrive\documents\openframeworks\apps\myapps\cs 134 - assignment 3\src\emitter.cpp(46): warning C4996: 'ofImage_<unsigned char>::loadImage': Use load instead
  c:\users\chris\onedrive\documents\openframeworks\libs\openframeworks\graphics\ofimage.h(227): note: see declaration of 'ofImage_<unsigned char>::loadImage'
  main.cpp
  ofApp.cpp
c:\users\chris\onedrive\documents\openframeworks\apps\myapps\cs 134 - assignment 3\src\ofapp.cpp(24): warning C4996: 'ofImage_<unsigned char>::loadImage': Use load instead
  c:\users\chris\onedrive\documents\openframeworks\libs\openframeworks\graphics\ofimage.h(227): note: see declaration of 'ofImage_<unsigned char>::loadImage'
c:\users\chris\onedrive\documents\openframeworks\apps\myapps\cs 134 - assignment 3\src\ofapp.cpp(31): warning C4996: 'ofSoundPlayer::loadSound': Use load
  c:\users\chris\onedrive\documents\openframeworks\libs\openframeworks\sound\ofsoundplayer.h(86): note: see declaration of 'ofSoundPlayer::loadSound'
c:\users\chris\onedrive\documents\openframeworks\apps\myapps\cs 134 - assignment 3\src\ofapp.cpp(32): warning C4996: 'ofSoundPlayer::loadSound': Use load
  c:\users\chris\onedrive\documents\openframeworks\libs\openframeworks\sound\ofsoundplayer.h(86): note: see declaration of 'ofSoundPlayer::loadSound'
c:\users\chris\onedrive\documents\openframeworks\apps\myapps\cs 134 - assignment 3\src\ofapp.cpp(101): warning C4018: '<': signed/unsigned mismatch
c:\users\chris\onedrive\documents\openframeworks\apps\myapps\cs 134 - assignment 3\src\ofapp.cpp(115): warning C4018: '<': signed/unsigned mismatch
c:\users\chris\onedrive\documents\openframeworks\apps\myapps\cs 134 - assignment 3\src\ofapp.cpp(118): warning C4018: '<': signed/unsigned mismatch
c:\users\chris\onedrive\documents\openframeworks\apps\myapps\cs 134 - assignment 3\src\ofapp.cpp(126): warning C4018: '<': signed/unsigned mismatch
ofxBaseGui.obj : error LNK2038: mismatch detected for '_ITERATOR_DEBUG_LEVEL': value '0' doesn't match value '2' in Emitter.obj
ofxBaseGui.obj : error LNK2038: mismatch detected for 'RuntimeLibrary': value 'MD_DynamicRelease' doesn't match value 'MDd_DynamicDebug' in Emitter.obj
ofxButton.obj : error LNK2038: mismatch detected for '_ITERATOR_DEBUG_LEVEL': value '0' doesn't match value '2' in Emitter.obj
ofxButton.obj : error LNK2038: mismatch detected for 'RuntimeLibrary': value 'MD_DynamicRelease' doesn't match value 'MDd_DynamicDebug' in Emitter.obj
ofxColorPicker.obj : error LNK2038: mismatch detected for '_ITERATOR_DEBUG_LEVEL': value '0' doesn't match value '2' in Emitter.obj
ofxColorPicker.obj : error LNK2038: mismatch detected for 'RuntimeLibrary': value 'MD_DynamicRelease' doesn't match value 'MDd_DynamicDebug' in Emitter.obj
ofxGuiGroup.obj : error LNK2038: mismatch detected for '_ITERATOR_DEBUG_LEVEL': value '0' doesn't match value '2' in Emitter.obj
ofxGuiGroup.obj : error LNK2038: mismatch detected for 'RuntimeLibrary': value 'MD_DynamicRelease' doesn't match value 'MDd_DynamicDebug' in Emitter.obj
ofxInputField.obj : error LNK2038: mismatch detected for '_ITERATOR_DEBUG_LEVEL': value '0' doesn't match value '2' in Emitter.obj
ofxInputField.obj : error LNK2038: mismatch detected for 'RuntimeLibrary': value 'MD_DynamicRelease' doesn't match value 'MDd_DynamicDebug' in Emitter.obj
ofxLabel.obj : error LNK2038: mismatch detected for '_ITERATOR_DEBUG_LEVEL': value '0' doesn't match value '2' in Emitter.obj
ofxLabel.obj : error LNK2038: mismatch detected for 'RuntimeLibrary': value 'MD_DynamicRelease' doesn't match value 'MDd_DynamicDebug' in Emitter.obj
ofxPanel.obj : error LNK2038: mismatch detected for '_ITERATOR_DEBUG_LEVEL': value '0' doesn't match value '2' in Emitter.obj
ofxPanel.obj : error LNK2038: mismatch detected for 'RuntimeLibrary': value 'MD_DynamicRelease' doesn't match value 'MDd_DynamicDebug' in Emitter.obj
ofxSlider.obj : error LNK2038: mismatch detected for '_ITERATOR_DEBUG_LEVEL': value '0' doesn't match value '2' in Emitter.obj
ofxSlider.obj : error LNK2038: mismatch detected for 'RuntimeLibrary': value 'MD_DynamicRelease' doesn't match value 'MDd_DynamicDebug' in Emitter.obj
ofxSliderGroup.obj : error LNK2038: mismatch detected for '_ITERATOR_DEBUG_LEVEL': value '0' doesn't match value '2' in Emitter.obj
ofxSliderGroup.obj : error LNK2038: mismatch detected for 'RuntimeLibrary': value 'MD_DynamicRelease' doesn't match value 'MDd_DynamicDebug' in Emitter.obj
ofxToggle.obj : error LNK2038: mismatch detected for '_ITERATOR_DEBUG_LEVEL': value '0' doesn't match value '2' in Emitter.obj
ofxToggle.obj : error LNK2038: mismatch detected for 'RuntimeLibrary': value 'MD_DynamicRelease' doesn't match value 'MDd_DynamicDebug' in Emitter.obj
     Creating library bin\CS 134 - Assignment 3_debug.lib and object bin\CS 134 - Assignment 3_debug.exp
bin\CS 134 - Assignment 3_debug.exe : fatal error LNK1319: 20 mismatches detected
