Build started 1/7/2015 12:52:05 PM.
     1>Project "C:\Users\Chris Vo\Documents\Visual Studio 2010\Projects\Team 2 Project\Team 2 Project\Team 2 Project.vcxproj" on node 2 (build target(s)).
     1>InitializeBuildStatus:
         Creating "Debug\Team 2 Project.unsuccessfulbuild" because "AlwaysCreate" was specified.
       ClCompile:
         c:\Program Files (x86)\Microsoft Visual Studio 10.0\VC\bin\CL.exe /c /ZI /nologo /W3 /WX- /Od /Oy- /D _MBCS /Gm /EHsc /RTC1 /MDd /GS /fp:precise /Zc:wchar_t /Zc:forScope /Fo"Debug\\" /Fd"Debug\vc100.pdb" /Gd /TP /analyze- /errorReport:prompt BST.cpp HT.cpp TeamProject.cpp
         TeamProject.cpp
         HT.cpp
     1>c:\users\chris vo\documents\visual studio 2010\projects\team 2 project\team 2 project\ht.cpp(108): warning C4101: 'found' : unreferenced local variable
         BST.cpp
         Generating Code...
       Link:
         c:\Program Files (x86)\Microsoft Visual Studio 10.0\VC\bin\link.exe /ERRORREPORT:PROMPT /OUT:"C:\Users\Chris Vo\Documents\Visual Studio 2010\Projects\Team 2 Project\Debug\Team 2 Project.exe" /NOLOGO kernel32.lib user32.lib gdi32.lib winspool.lib comdlg32.lib advapi32.lib shell32.lib ole32.lib oleaut32.lib uuid.lib odbc32.lib odbccp32.lib /MANIFEST /ManifestFile:"Debug\Team 2 Project.exe.intermediate.manifest" /MANIFESTUAC:"level='asInvoker' uiAccess='false'" /DEBUG /PDB:"C:\Users\Chris Vo\Documents\Visual Studio 2010\Projects\Team 2 Project\Debug\Team 2 Project.pdb" /TLBID:1 /DYNAMICBASE /NXCOMPAT /IMPLIB:"C:\Users\Chris Vo\Documents\Visual Studio 2010\Projects\Team 2 Project\Debug\Team 2 Project.lib" /MACHINE:X86 Debug\BST.obj
         Debug\HT.obj
         Debug\TeamProject.obj
         Team 2 Project.vcxproj -> C:\Users\Chris Vo\Documents\Visual Studio 2010\Projects\Team 2 Project\Debug\Team 2 Project.exe
       Manifest:
         C:\Program Files (x86)\Microsoft SDKs\Windows\v7.0A\bin\mt.exe /nologo /verbose /outputresource:"C:\Users\Chris Vo\Documents\Visual Studio 2010\Projects\Team 2 Project\Debug\Team 2 Project.exe;#1" /manifest "Debug\Team 2 Project.exe.intermediate.manifest"
       FinalizeBuildStatus:
         Deleting file "Debug\Team 2 Project.unsuccessfulbuild".
         Touching "Debug\Team 2 Project.lastbuildstate".
     1>Done Building Project "C:\Users\Chris Vo\Documents\Visual Studio 2010\Projects\Team 2 Project\Team 2 Project\Team 2 Project.vcxproj" (build target(s)).

Build succeeded.

Time Elapsed 00:00:11.10
